<?xml version="1.0" encoding="UTF-8"?>
<Site BuildName="(empty)"
	BuildStamp="20240826-0736-Experimental"
	Name="ASUS-M1502IA"
	Generator="ctest-3.22.1"
	CompilerName="/usr/bin/c++"
	CompilerVersion="11.4.0"
	OSName="Linux"
	Hostname="ASUS-M1502IA"
	OSRelease="6.8.0-40-generic"
	OSVersion="#40~22.04.3-Ubuntu SMP PREEMPT_DYNAMIC Tue Jul 30 17:30:19 UTC 2"
	OSPlatform="x86_64"
	Is64Bits="1"
	VendorString="AuthenticAMD"
	VendorID="Advanced Micro Devices"
	FamilyID="23"
	ModelID="96"
	ProcessorCacheSize="512"
	NumberOfLogicalCPU="16"
	NumberOfPhysicalCPU="8"
	TotalVirtualMemory="2047"
	TotalPhysicalMemory="15404"
	LogicalProcessorsPerPhysical="2"
	ProcessorClockFrequency="3220.2"
	>
	<Testing>
		<StartDateTime>Aug 26 11:41 +04</StartDateTime>
		<StartTestTime>1724658104</StartTestTime>
		<TestList/>
		<EndDateTime>Aug 26 11:41 +04</EndDateTime>
		<EndTestTime>1724658104</EndTestTime>
		<ElapsedMinutes>0</ElapsedMinutes>
	</Testing>
</Site>
